
2024-12-25T12:13:51.687Z - Error: Not Found - /login
Method: POST
URL: /login
Headers: {"host":"localhost:3000","connection":"keep-alive","content-length":"58","sec-ch-ua-platform":"\"Windows\"","user-agent":"Mozilla/5.0 (Windows NT 10.0; Win64; x64) AppleWebKit/537.36 (KHTML, like Gecko) Chrome/131.0.0.0 Safari/537.36 Edg/131.0.0.0","accept":"application/json, text/plain, */*","sec-ch-ua":"\"Microsoft Edge\";v=\"131\", \"Chromium\";v=\"131\", \"Not_A Brand\";v=\"24\"","content-type":"application/json","sec-ch-ua-mobile":"?0","origin":"http://localhost:5175","sec-fetch-site":"same-site","sec-fetch-mode":"cors","sec-fetch-dest":"empty","referer":"http://localhost:5175/","accept-encoding":"gzip, deflate, br, zstd","accept-language":"en-US,en;q=0.9"}
Body: {"emailOrPhone":"0931951266","password":"Thangtran00030@"}
Stack Trace: Error: Not Found - /login
    at notFoundHandler (D:\CAPSTONE1\CAP1_BE\src\middlewares\errorHandler.js:76:19)
    at Layer.handle [as handle_request] (D:\CAPSTONE1\CAP1_BE\node_modules\express\lib\router\layer.js:95:5)
    at trim_prefix (D:\CAPSTONE1\CAP1_BE\node_modules\express\lib\router\index.js:328:13)
    at D:\CAPSTONE1\CAP1_BE\node_modules\express\lib\router\index.js:286:9
    at Function.process_params (D:\CAPSTONE1\CAP1_BE\node_modules\express\lib\router\index.js:346:12)
    at next (D:\CAPSTONE1\CAP1_BE\node_modules\express\lib\router\index.js:280:10)
    at D:\CAPSTONE1\CAP1_BE\node_modules\express\lib\router\index.js:646:15
    at next (D:\CAPSTONE1\CAP1_BE\node_modules\express\lib\router\index.js:265:14)
    at Function.handle (D:\CAPSTONE1\CAP1_BE\node_modules\express\lib\router\index.js:175:3)
    at router (D:\CAPSTONE1\CAP1_BE\node_modules\express\lib\router\index.js:47:12)


2024-12-25T12:13:52.992Z - Error: Not Found - /login
Method: POST
URL: /login
Headers: {"host":"localhost:3000","connection":"keep-alive","content-length":"58","sec-ch-ua-platform":"\"Windows\"","user-agent":"Mozilla/5.0 (Windows NT 10.0; Win64; x64) AppleWebKit/537.36 (KHTML, like Gecko) Chrome/131.0.0.0 Safari/537.36 Edg/131.0.0.0","accept":"application/json, text/plain, */*","sec-ch-ua":"\"Microsoft Edge\";v=\"131\", \"Chromium\";v=\"131\", \"Not_A Brand\";v=\"24\"","content-type":"application/json","sec-ch-ua-mobile":"?0","origin":"http://localhost:5175","sec-fetch-site":"same-site","sec-fetch-mode":"cors","sec-fetch-dest":"empty","referer":"http://localhost:5175/","accept-encoding":"gzip, deflate, br, zstd","accept-language":"en-US,en;q=0.9"}
Body: {"emailOrPhone":"0931951266","password":"Thangtran00030@"}
Stack Trace: Error: Not Found - /login
    at notFoundHandler (D:\CAPSTONE1\CAP1_BE\src\middlewares\errorHandler.js:76:19)
    at Layer.handle [as handle_request] (D:\CAPSTONE1\CAP1_BE\node_modules\express\lib\router\layer.js:95:5)
    at trim_prefix (D:\CAPSTONE1\CAP1_BE\node_modules\express\lib\router\index.js:328:13)
    at D:\CAPSTONE1\CAP1_BE\node_modules\express\lib\router\index.js:286:9
    at Function.process_params (D:\CAPSTONE1\CAP1_BE\node_modules\express\lib\router\index.js:346:12)
    at next (D:\CAPSTONE1\CAP1_BE\node_modules\express\lib\router\index.js:280:10)
    at D:\CAPSTONE1\CAP1_BE\node_modules\express\lib\router\index.js:646:15
    at next (D:\CAPSTONE1\CAP1_BE\node_modules\express\lib\router\index.js:265:14)
    at Function.handle (D:\CAPSTONE1\CAP1_BE\node_modules\express\lib\router\index.js:175:3)
    at router (D:\CAPSTONE1\CAP1_BE\node_modules\express\lib\router\index.js:47:12)


2024-12-25T12:13:53.715Z - Error: Not Found - /login
Method: POST
URL: /login
Headers: {"host":"localhost:3000","connection":"keep-alive","content-length":"58","sec-ch-ua-platform":"\"Windows\"","user-agent":"Mozilla/5.0 (Windows NT 10.0; Win64; x64) AppleWebKit/537.36 (KHTML, like Gecko) Chrome/131.0.0.0 Safari/537.36 Edg/131.0.0.0","accept":"application/json, text/plain, */*","sec-ch-ua":"\"Microsoft Edge\";v=\"131\", \"Chromium\";v=\"131\", \"Not_A Brand\";v=\"24\"","content-type":"application/json","sec-ch-ua-mobile":"?0","origin":"http://localhost:5175","sec-fetch-site":"same-site","sec-fetch-mode":"cors","sec-fetch-dest":"empty","referer":"http://localhost:5175/","accept-encoding":"gzip, deflate, br, zstd","accept-language":"en-US,en;q=0.9"}
Body: {"emailOrPhone":"0931951266","password":"Thangtran00030@"}
Stack Trace: Error: Not Found - /login
    at notFoundHandler (D:\CAPSTONE1\CAP1_BE\src\middlewares\errorHandler.js:76:19)
    at Layer.handle [as handle_request] (D:\CAPSTONE1\CAP1_BE\node_modules\express\lib\router\layer.js:95:5)
    at trim_prefix (D:\CAPSTONE1\CAP1_BE\node_modules\express\lib\router\index.js:328:13)
    at D:\CAPSTONE1\CAP1_BE\node_modules\express\lib\router\index.js:286:9
    at Function.process_params (D:\CAPSTONE1\CAP1_BE\node_modules\express\lib\router\index.js:346:12)
    at next (D:\CAPSTONE1\CAP1_BE\node_modules\express\lib\router\index.js:280:10)
    at D:\CAPSTONE1\CAP1_BE\node_modules\express\lib\router\index.js:646:15
    at next (D:\CAPSTONE1\CAP1_BE\node_modules\express\lib\router\index.js:265:14)
    at Function.handle (D:\CAPSTONE1\CAP1_BE\node_modules\express\lib\router\index.js:175:3)
    at router (D:\CAPSTONE1\CAP1_BE\node_modules\express\lib\router\index.js:47:12)


2024-12-25T12:14:40.180Z - Error: Not Found - /login
Method: POST
URL: /login
Headers: {"host":"localhost:3000","connection":"keep-alive","content-length":"58","sec-ch-ua-platform":"\"Windows\"","user-agent":"Mozilla/5.0 (Windows NT 10.0; Win64; x64) AppleWebKit/537.36 (KHTML, like Gecko) Chrome/131.0.0.0 Safari/537.36 Edg/131.0.0.0","accept":"application/json, text/plain, */*","sec-ch-ua":"\"Microsoft Edge\";v=\"131\", \"Chromium\";v=\"131\", \"Not_A Brand\";v=\"24\"","content-type":"application/json","sec-ch-ua-mobile":"?0","origin":"http://localhost:5175","sec-fetch-site":"same-site","sec-fetch-mode":"cors","sec-fetch-dest":"empty","referer":"http://localhost:5175/","accept-encoding":"gzip, deflate, br, zstd","accept-language":"en-US,en;q=0.9"}
Body: {"emailOrPhone":"0931951266","password":"Thangtran00030@"}
Stack Trace: Error: Not Found - /login
    at notFoundHandler (D:\CAPSTONE1\CAP1_BE\src\middlewares\errorHandler.js:76:19)
    at Layer.handle [as handle_request] (D:\CAPSTONE1\CAP1_BE\node_modules\express\lib\router\layer.js:95:5)
    at trim_prefix (D:\CAPSTONE1\CAP1_BE\node_modules\express\lib\router\index.js:328:13)
    at D:\CAPSTONE1\CAP1_BE\node_modules\express\lib\router\index.js:286:9
    at Function.process_params (D:\CAPSTONE1\CAP1_BE\node_modules\express\lib\router\index.js:346:12)
    at next (D:\CAPSTONE1\CAP1_BE\node_modules\express\lib\router\index.js:280:10)
    at D:\CAPSTONE1\CAP1_BE\node_modules\express\lib\router\index.js:646:15
    at next (D:\CAPSTONE1\CAP1_BE\node_modules\express\lib\router\index.js:265:14)
    at Function.handle (D:\CAPSTONE1\CAP1_BE\node_modules\express\lib\router\index.js:175:3)
    at router (D:\CAPSTONE1\CAP1_BE\node_modules\express\lib\router\index.js:47:12)


2024-12-25T12:17:36.494Z - Error: Not Found - /register
Method: POST
URL: /register
Headers: {"host":"localhost:3000","connection":"keep-alive","content-length":"79","sec-ch-ua-platform":"\"Windows\"","user-agent":"Mozilla/5.0 (Windows NT 10.0; Win64; x64) AppleWebKit/537.36 (KHTML, like Gecko) Chrome/131.0.0.0 Safari/537.36 Edg/131.0.0.0","accept":"application/json, text/plain, */*","sec-ch-ua":"\"Microsoft Edge\";v=\"131\", \"Chromium\";v=\"131\", \"Not_A Brand\";v=\"24\"","content-type":"application/json","sec-ch-ua-mobile":"?0","origin":"http://localhost:5175","sec-fetch-site":"same-site","sec-fetch-mode":"cors","sec-fetch-dest":"empty","referer":"http://localhost:5175/","accept-encoding":"gzip, deflate, br, zstd","accept-language":"en-US,en;q=0.9"}
Body: {"fullName":"dang ngoc tu","emailOrPhone":"0347259766","password":"Tudang123@"}
Stack Trace: Error: Not Found - /register
    at notFoundHandler (D:\CAPSTONE1\CAP1_BE\src\middlewares\errorHandler.js:76:19)
    at Layer.handle [as handle_request] (D:\CAPSTONE1\CAP1_BE\node_modules\express\lib\router\layer.js:95:5)
    at trim_prefix (D:\CAPSTONE1\CAP1_BE\node_modules\express\lib\router\index.js:328:13)
    at D:\CAPSTONE1\CAP1_BE\node_modules\express\lib\router\index.js:286:9
    at Function.process_params (D:\CAPSTONE1\CAP1_BE\node_modules\express\lib\router\index.js:346:12)
    at next (D:\CAPSTONE1\CAP1_BE\node_modules\express\lib\router\index.js:280:10)
    at D:\CAPSTONE1\CAP1_BE\node_modules\express\lib\router\index.js:646:15
    at next (D:\CAPSTONE1\CAP1_BE\node_modules\express\lib\router\index.js:265:14)
    at Function.handle (D:\CAPSTONE1\CAP1_BE\node_modules\express\lib\router\index.js:175:3)
    at router (D:\CAPSTONE1\CAP1_BE\node_modules\express\lib\router\index.js:47:12)


2024-12-25T12:22:11.708Z - Error: Not Found - /login
Method: POST
URL: /login
Headers: {"host":"localhost:3000","connection":"keep-alive","content-length":"58","sec-ch-ua-platform":"\"Windows\"","user-agent":"Mozilla/5.0 (Windows NT 10.0; Win64; x64) AppleWebKit/537.36 (KHTML, like Gecko) Chrome/131.0.0.0 Safari/537.36 Edg/131.0.0.0","accept":"application/json, text/plain, */*","sec-ch-ua":"\"Microsoft Edge\";v=\"131\", \"Chromium\";v=\"131\", \"Not_A Brand\";v=\"24\"","content-type":"application/json","sec-ch-ua-mobile":"?0","origin":"http://localhost:5173","sec-fetch-site":"same-site","sec-fetch-mode":"cors","sec-fetch-dest":"empty","referer":"http://localhost:5173/","accept-encoding":"gzip, deflate, br, zstd","accept-language":"en-US,en;q=0.9"}
Body: {"emailOrPhone":"0347259766","password":"Tudangm10@gmail"}
Stack Trace: Error: Not Found - /login
    at notFoundHandler (D:\CAPSTONE1\CAP1_BE\src\middlewares\errorHandler.js:76:19)
    at Layer.handle [as handle_request] (D:\CAPSTONE1\CAP1_BE\node_modules\express\lib\router\layer.js:95:5)
    at trim_prefix (D:\CAPSTONE1\CAP1_BE\node_modules\express\lib\router\index.js:328:13)
    at D:\CAPSTONE1\CAP1_BE\node_modules\express\lib\router\index.js:286:9
    at Function.process_params (D:\CAPSTONE1\CAP1_BE\node_modules\express\lib\router\index.js:346:12)
    at next (D:\CAPSTONE1\CAP1_BE\node_modules\express\lib\router\index.js:280:10)
    at D:\CAPSTONE1\CAP1_BE\node_modules\express\lib\router\index.js:646:15
    at next (D:\CAPSTONE1\CAP1_BE\node_modules\express\lib\router\index.js:265:14)
    at Function.handle (D:\CAPSTONE1\CAP1_BE\node_modules\express\lib\router\index.js:175:3)
    at router (D:\CAPSTONE1\CAP1_BE\node_modules\express\lib\router\index.js:47:12)


2024-12-25T12:22:21.510Z - Error: Not Found - /login
Method: POST
URL: /login
Headers: {"host":"localhost:3000","connection":"keep-alive","content-length":"53","sec-ch-ua-platform":"\"Windows\"","user-agent":"Mozilla/5.0 (Windows NT 10.0; Win64; x64) AppleWebKit/537.36 (KHTML, like Gecko) Chrome/131.0.0.0 Safari/537.36 Edg/131.0.0.0","accept":"application/json, text/plain, */*","sec-ch-ua":"\"Microsoft Edge\";v=\"131\", \"Chromium\";v=\"131\", \"Not_A Brand\";v=\"24\"","content-type":"application/json","sec-ch-ua-mobile":"?0","origin":"http://localhost:5173","sec-fetch-site":"same-site","sec-fetch-mode":"cors","sec-fetch-dest":"empty","referer":"http://localhost:5173/","accept-encoding":"gzip, deflate, br, zstd","accept-language":"en-US,en;q=0.9"}
Body: {"emailOrPhone":"0347259766","password":"Tudang123@"}
Stack Trace: Error: Not Found - /login
    at notFoundHandler (D:\CAPSTONE1\CAP1_BE\src\middlewares\errorHandler.js:76:19)
    at Layer.handle [as handle_request] (D:\CAPSTONE1\CAP1_BE\node_modules\express\lib\router\layer.js:95:5)
    at trim_prefix (D:\CAPSTONE1\CAP1_BE\node_modules\express\lib\router\index.js:328:13)
    at D:\CAPSTONE1\CAP1_BE\node_modules\express\lib\router\index.js:286:9
    at Function.process_params (D:\CAPSTONE1\CAP1_BE\node_modules\express\lib\router\index.js:346:12)
    at next (D:\CAPSTONE1\CAP1_BE\node_modules\express\lib\router\index.js:280:10)
    at D:\CAPSTONE1\CAP1_BE\node_modules\express\lib\router\index.js:646:15
    at next (D:\CAPSTONE1\CAP1_BE\node_modules\express\lib\router\index.js:265:14)
    at Function.handle (D:\CAPSTONE1\CAP1_BE\node_modules\express\lib\router\index.js:175:3)
    at router (D:\CAPSTONE1\CAP1_BE\node_modules\express\lib\router\index.js:47:12)


2024-12-25T12:22:51.210Z - Error: Not Found - /register
Method: POST
URL: /register
Headers: {"host":"localhost:3000","connection":"keep-alive","content-length":"79","sec-ch-ua-platform":"\"Windows\"","user-agent":"Mozilla/5.0 (Windows NT 10.0; Win64; x64) AppleWebKit/537.36 (KHTML, like Gecko) Chrome/131.0.0.0 Safari/537.36 Edg/131.0.0.0","accept":"application/json, text/plain, */*","sec-ch-ua":"\"Microsoft Edge\";v=\"131\", \"Chromium\";v=\"131\", \"Not_A Brand\";v=\"24\"","content-type":"application/json","sec-ch-ua-mobile":"?0","origin":"http://localhost:5173","sec-fetch-site":"same-site","sec-fetch-mode":"cors","sec-fetch-dest":"empty","referer":"http://localhost:5173/","accept-encoding":"gzip, deflate, br, zstd","accept-language":"en-US,en;q=0.9"}
Body: {"fullName":"dang ngoc tu","emailOrPhone":"0347259766","password":"Tudangm10@"}
Stack Trace: Error: Not Found - /register
    at notFoundHandler (D:\CAPSTONE1\CAP1_BE\src\middlewares\errorHandler.js:76:19)
    at Layer.handle [as handle_request] (D:\CAPSTONE1\CAP1_BE\node_modules\express\lib\router\layer.js:95:5)
    at trim_prefix (D:\CAPSTONE1\CAP1_BE\node_modules\express\lib\router\index.js:328:13)
    at D:\CAPSTONE1\CAP1_BE\node_modules\express\lib\router\index.js:286:9
    at Function.process_params (D:\CAPSTONE1\CAP1_BE\node_modules\express\lib\router\index.js:346:12)
    at next (D:\CAPSTONE1\CAP1_BE\node_modules\express\lib\router\index.js:280:10)
    at D:\CAPSTONE1\CAP1_BE\node_modules\express\lib\router\index.js:646:15
    at next (D:\CAPSTONE1\CAP1_BE\node_modules\express\lib\router\index.js:265:14)
    at Function.handle (D:\CAPSTONE1\CAP1_BE\node_modules\express\lib\router\index.js:175:3)
    at router (D:\CAPSTONE1\CAP1_BE\node_modules\express\lib\router\index.js:47:12)


2024-12-25T12:28:13.682Z - Error: Not Found - /login
Method: POST
URL: /login
Headers: {"host":"localhost:3000","connection":"keep-alive","content-length":"58","sec-ch-ua-platform":"\"Windows\"","user-agent":"Mozilla/5.0 (Windows NT 10.0; Win64; x64) AppleWebKit/537.36 (KHTML, like Gecko) Chrome/131.0.0.0 Safari/537.36 Edg/131.0.0.0","accept":"application/json, text/plain, */*","sec-ch-ua":"\"Microsoft Edge\";v=\"131\", \"Chromium\";v=\"131\", \"Not_A Brand\";v=\"24\"","content-type":"application/json","sec-ch-ua-mobile":"?0","origin":"http://localhost:5173","sec-fetch-site":"same-site","sec-fetch-mode":"cors","sec-fetch-dest":"empty","referer":"http://localhost:5173/","accept-encoding":"gzip, deflate, br, zstd","accept-language":"en-US,en;q=0.9"}
Body: {"emailOrPhone":"0931951266","password":"Thangtran00030@"}
Stack Trace: Error: Not Found - /login
    at notFoundHandler (D:\CAPSTONE1\CAP1_BE\src\middlewares\errorHandler.js:76:19)
    at Layer.handle [as handle_request] (D:\CAPSTONE1\CAP1_BE\node_modules\express\lib\router\layer.js:95:5)
    at trim_prefix (D:\CAPSTONE1\CAP1_BE\node_modules\express\lib\router\index.js:328:13)
    at D:\CAPSTONE1\CAP1_BE\node_modules\express\lib\router\index.js:286:9
    at Function.process_params (D:\CAPSTONE1\CAP1_BE\node_modules\express\lib\router\index.js:346:12)
    at next (D:\CAPSTONE1\CAP1_BE\node_modules\express\lib\router\index.js:280:10)
    at D:\CAPSTONE1\CAP1_BE\node_modules\express\lib\router\index.js:646:15
    at next (D:\CAPSTONE1\CAP1_BE\node_modules\express\lib\router\index.js:265:14)
    at Function.handle (D:\CAPSTONE1\CAP1_BE\node_modules\express\lib\router\index.js:175:3)
    at router (D:\CAPSTONE1\CAP1_BE\node_modules\express\lib\router\index.js:47:12)

